<?xml version="1.0" encoding="UTF-8"?>
<!-- Generated by org.testng.reporters.JUnitXMLReporter -->
<testsuite ignored="0" hostname="DESKTOP-E115GFV" failures="0" tests="2" name="HrManagementTest" time="64.957" errors="0" timestamp="2025-09-17T16:32:00 IST">
  <testcase classname="testCases.test.Login_Page_Test" name="verifyValidLoginTest" time="44.502"/>
  <testcase classname="testCases.test.Login_Page_Test" name="verifyWithInvalidLoginTest" time="2.22"/>
</testsuite> <!-- HrManagementTest -->
