<?xml version="1.0" encoding="UTF-8"?>
<!-- Generated by org.testng.reporters.JUnitXMLReporter -->
<testsuite ignored="3" hostname="DESKTOP-E115GFV" failures="0" tests="5" name="HrManagementTest" time="87.863" errors="0" timestamp="2025-11-23T07:04:56 IST">
  <testcase classname="testCases.test.DummyClass" name="dummytest" time="0.058"/>
  <testcase classname="testCases.test.DummyClass2" name="dummytest" time="0.039"/>
  <testcase classname="testCases.test.Home_Page_Test" name="verifyOrrangeHRMLogo" time="3.276"/>
  <testcase classname="testCases.test.Login_Page_Test" name="verifyValidLoginTest" time="47.107"/>
  <testcase classname="testCases.test.Login_Page_Test" name="verifyWithInvalidLoginTest" time="2.85"/>
  <testcase classname="com.baseclass.Base_Class" name="@BeforeSuite loadConfig" time="0.0">
    <ignored/>
  </testcase> <!-- @BeforeSuite loadConfig -->
  <testcase classname="com.baseclass.Base_Class" name="@BeforeSuite loadConfig" time="0.0">
    <ignored/>
  </testcase> <!-- @BeforeSuite loadConfig -->
  <testcase classname="com.baseclass.Base_Class" name="@BeforeSuite loadConfig" time="0.0">
    <ignored/>
  </testcase> <!-- @BeforeSuite loadConfig -->
</testsuite> <!-- HrManagementTest -->
