<?xml version="1.0" encoding="UTF-8"?>
<!-- Generated by org.testng.reporters.JUnitXMLReporter -->
<testsuite ignored="1" hostname="DESKTOP-E115GFV" failures="0" tests="1" name="Default test" time="58.887" errors="0" timestamp="2025-11-07T07:54:26 IST">
  <testcase classname="testCases.test.Login_Page_Test" name="verifyValidLoginTest" time="46.611"/>
  <testcase classname="testCases.test.Login_Page_Test" name="verifyWithInvalidLoginTest" time="0.0">
    <ignored/>
  </testcase> <!-- verifyWithInvalidLoginTest -->
</testsuite> <!-- Default test -->
