<?xml version="1.0" encoding="UTF-8"?>
<!-- Generated by org.testng.reporters.JUnitXMLReporter -->
<testsuite ignored="3" hostname="DESKTOP-E115GFV" failures="5" tests="5" name="Test" time="44.694" errors="0" timestamp="2026-03-11T11:07:31 IST">
  <testcase classname="testCases.test.DummyClass2" name="dummytest" time="0.031">
    <failure type="java.lang.AssertionError" message="Test Failed - Title is Not Matching">
      <![CDATA[java.lang.AssertionError: Test Failed - Title is Not Matching
at testCases.test.DummyClass2.dummytest(DummyClass2.java:13)
at java.base/java.util.concurrent.Executors$RunnableAdapter.call(Executors.java:572)
at java.base/java.util.concurrent.FutureTask.run(FutureTask.java:317)
at java.base/java.util.concurrent.ThreadPoolExecutor.runWorker(ThreadPoolExecutor.java:1144)
at java.base/java.util.concurrent.ThreadPoolExecutor$Worker.run(ThreadPoolExecutor.java:642)
at java.base/java.lang.Thread.run(Thread.java:1583)
... Removed 11 stack frames]]>
    </failure>
  </testcase> <!-- dummytest -->
  <testcase classname="testCases.test.DummyClass" name="dummytest" time="0.089">
    <failure type="java.lang.AssertionError" message="Test Failed - Title is Not Matching">
      <![CDATA[java.lang.AssertionError: Test Failed - Title is Not Matching
at testCases.test.DummyClass.dummytest(DummyClass.java:14)
at java.base/java.util.concurrent.Executors$RunnableAdapter.call(Executors.java:572)
at java.base/java.util.concurrent.FutureTask.run(FutureTask.java:317)
at java.base/java.util.concurrent.ThreadPoolExecutor.runWorker(ThreadPoolExecutor.java:1144)
at java.base/java.util.concurrent.ThreadPoolExecutor$Worker.run(ThreadPoolExecutor.java:642)
at java.base/java.lang.Thread.run(Thread.java:1583)
... Removed 11 stack frames]]>
    </failure>
  </testcase> <!-- dummytest -->
  <testcase classname="testCases.test.Home_Page_Test" name="verifyOrrangeHRMLogo" time="29.073">
    <failure type="java.lang.AssertionError" message="Logo is not visible expected [true] but found [false]">
      <![CDATA[java.lang.AssertionError: Logo is not visible expected [true] but found [false]
at testCases.test.Home_Page_Test.verifyOrrangeHRMLogo(Home_Page_Test.java:37)
at java.base/java.util.concurrent.Executors$RunnableAdapter.call(Executors.java:572)
at java.base/java.util.concurrent.FutureTask.run(FutureTask.java:317)
at java.base/java.util.concurrent.ThreadPoolExecutor.runWorker(ThreadPoolExecutor.java:1144)
at java.base/java.util.concurrent.ThreadPoolExecutor$Worker.run(ThreadPoolExecutor.java:642)
at java.base/java.lang.Thread.run(Thread.java:1583)
... Removed 14 stack frames]]>
    </failure>
  </testcase> <!-- verifyOrrangeHRMLogo -->
  <testcase classname="testCases.test.Login_Page_Test" name="verifyValidLoginTest" time="25.662">
    <failure type="java.lang.AssertionError" message="Admin tab should be visible after successfully login! expected [true] but found [false]">
      <![CDATA[java.lang.AssertionError: Admin tab should be visible after successfully login! expected [true] but found [false]
at testCases.test.Login_Page_Test.verifyValidLoginTest(Login_Page_Test.java:35)
at java.base/java.util.concurrent.Executors$RunnableAdapter.call(Executors.java:572)
at java.base/java.util.concurrent.FutureTask.run(FutureTask.java:317)
at java.base/java.util.concurrent.ThreadPoolExecutor.runWorker(ThreadPoolExecutor.java:1144)
at java.base/java.util.concurrent.ThreadPoolExecutor$Worker.run(ThreadPoolExecutor.java:642)
at java.base/java.lang.Thread.run(Thread.java:1583)
... Removed 14 stack frames]]>
    </failure>
  </testcase> <!-- verifyValidLoginTest -->
  <testcase classname="testCases.test.Login_Page_Test" name="verifyWithInvalidLoginTest" time="32.916">
    <failure type="java.lang.AssertionError" message="Text failed: Invalid Error message expected [true] but found [false]">
      <![CDATA[java.lang.AssertionError: Text failed: Invalid Error message expected [true] but found [false]
at testCases.test.Login_Page_Test.verifyWithInvalidLoginTest(Login_Page_Test.java:49)
at java.base/java.util.concurrent.Executors$RunnableAdapter.call(Executors.java:572)
at java.base/java.util.concurrent.FutureTask.run(FutureTask.java:317)
at java.base/java.util.concurrent.ThreadPoolExecutor.runWorker(ThreadPoolExecutor.java:1144)
at java.base/java.util.concurrent.ThreadPoolExecutor$Worker.run(ThreadPoolExecutor.java:642)
at java.base/java.lang.Thread.run(Thread.java:1583)
... Removed 14 stack frames]]>
    </failure>
  </testcase> <!-- verifyWithInvalidLoginTest -->
  <testcase classname="com.baseclass.Base_Class" name="@BeforeSuite loadConfig" time="0.0">
    <ignored/>
  </testcase> <!-- @BeforeSuite loadConfig -->
  <testcase classname="com.baseclass.Base_Class" name="@BeforeSuite loadConfig" time="0.0">
    <ignored/>
  </testcase> <!-- @BeforeSuite loadConfig -->
  <testcase classname="com.baseclass.Base_Class" name="@BeforeSuite loadConfig" time="0.0">
    <ignored/>
  </testcase> <!-- @BeforeSuite loadConfig -->
</testsuite> <!-- Test -->
