<?xml version="1.0" encoding="UTF-8"?>
<!-- Generated by org.testng.reporters.JUnitXMLReporter -->
<testsuite ignored="1" hostname="DESKTOP-E115GFV" failures="0" tests="2" name="Test1" time="22.769" errors="0" timestamp="2026-02-16T10:59:28 IST">
  <testcase classname="testCases.test.DummyClass" name="dummytest" time="0.036"/>
  <testcase classname="testCases.test.DummyClass2" name="dummytest" time="0.191"/>
  <testcase classname="com.baseclass.Base_Class" name="@BeforeSuite loadConfig" time="0.0">
    <ignored/>
  </testcase> <!-- @BeforeSuite loadConfig -->
</testsuite> <!-- Test1 -->
