<?xml version="1.0" encoding="UTF-8"?>
<testng-results ignored="0" total="5" passed="5" failed="0" skipped="0">
  <reporter-output>
  </reporter-output>
  <suite started-at="2025-11-23T07:03:28 IST" name="HrManagementSuite" finished-at="2025-11-23T07:04:56 IST" duration-ms="87863">
    <groups>
    </groups>
    <test started-at="2025-11-23T07:03:28 IST" name="HrManagementTest" finished-at="2025-11-23T07:04:56 IST" duration-ms="87863">
      <class name="testCases.test.DummyClass2">
        <test-method is-config="true" signature="setUp()[pri:0, instance:testCases.test.DummyClass2@129b4fe2]" started-at="2025-11-23T07:03:28 IST" name="setUp" finished-at="2025-11-23T07:03:48 IST" duration-ms="19541" status="PASS">
          <reporter-output>
          </reporter-output>
        </test-method> <!-- setUp -->
        <test-method signature="dummytest()[pri:0, instance:testCases.test.DummyClass2@129b4fe2]" started-at="2025-11-23T07:03:48 IST" name="dummytest" finished-at="2025-11-23T07:03:48 IST" duration-ms="39" status="PASS">
          <reporter-output>
          </reporter-output>
        </test-method> <!-- dummytest -->
        <test-method is-config="true" signature="tearDown()[pri:0, instance:testCases.test.DummyClass2@129b4fe2]" started-at="2025-11-23T07:03:48 IST" name="tearDown" finished-at="2025-11-23T07:03:50 IST" duration-ms="2066" status="PASS">
          <reporter-output>
          </reporter-output>
        </test-method> <!-- tearDown -->
      </class> <!-- testCases.test.DummyClass2 -->
      <class name="testCases.test.Login_Page_Test">
        <test-method is-config="true" signature="setUp()[pri:0, instance:testCases.test.Login_Page_Test@5af3a0f]" started-at="2025-11-23T07:03:28 IST" name="setUp" finished-at="2025-11-23T07:03:52 IST" duration-ms="23718" status="PASS">
          <reporter-output>
          </reporter-output>
        </test-method> <!-- setUp -->
        <test-method is-config="true" signature="setUpPages()[pri:0, instance:testCases.test.Login_Page_Test@5af3a0f]" started-at="2025-11-23T07:03:52 IST" name="setUpPages" finished-at="2025-11-23T07:03:52 IST" duration-ms="2" status="PASS">
          <reporter-output>
          </reporter-output>
        </test-method> <!-- setUpPages -->
        <test-method signature="verifyValidLoginTest()[pri:1, instance:testCases.test.Login_Page_Test@5af3a0f]" started-at="2025-11-23T07:03:52 IST" name="verifyValidLoginTest" finished-at="2025-11-23T07:04:39 IST" duration-ms="47107" status="PASS">
          <reporter-output>
          </reporter-output>
        </test-method> <!-- verifyValidLoginTest -->
        <test-method is-config="true" signature="tearDown()[pri:0, instance:testCases.test.Login_Page_Test@5af3a0f]" started-at="2025-11-23T07:04:39 IST" name="tearDown" finished-at="2025-11-23T07:04:39 IST" duration-ms="424" status="PASS">
          <reporter-output>
          </reporter-output>
        </test-method> <!-- tearDown -->
        <test-method is-config="true" signature="setUp()[pri:0, instance:testCases.test.Login_Page_Test@5af3a0f]" started-at="2025-11-23T07:04:39 IST" name="setUp" finished-at="2025-11-23T07:04:53 IST" duration-ms="13181" status="PASS">
          <reporter-output>
          </reporter-output>
        </test-method> <!-- setUp -->
        <test-method is-config="true" signature="setUpPages()[pri:0, instance:testCases.test.Login_Page_Test@5af3a0f]" started-at="2025-11-23T07:04:53 IST" name="setUpPages" finished-at="2025-11-23T07:04:53 IST" duration-ms="1" status="PASS">
          <reporter-output>
          </reporter-output>
        </test-method> <!-- setUpPages -->
        <test-method signature="verifyWithInvalidLoginTest()[pri:2, instance:testCases.test.Login_Page_Test@5af3a0f]" started-at="2025-11-23T07:04:53 IST" name="verifyWithInvalidLoginTest" finished-at="2025-11-23T07:04:55 IST" duration-ms="2850" status="PASS">
          <reporter-output>
          </reporter-output>
        </test-method> <!-- verifyWithInvalidLoginTest -->
        <test-method is-config="true" signature="tearDown()[pri:0, instance:testCases.test.Login_Page_Test@5af3a0f]" started-at="2025-11-23T07:04:55 IST" name="tearDown" finished-at="2025-11-23T07:04:56 IST" duration-ms="468" status="PASS">
          <reporter-output>
          </reporter-output>
        </test-method> <!-- tearDown -->
      </class> <!-- testCases.test.Login_Page_Test -->
      <class name="testCases.test.Home_Page_Test">
        <test-method is-config="true" signature="setUp()[pri:0, instance:testCases.test.Home_Page_Test@a8e6492]" started-at="2025-11-23T07:03:28 IST" name="setUp" finished-at="2025-11-23T07:03:50 IST" duration-ms="21868" status="PASS">
          <reporter-output>
          </reporter-output>
        </test-method> <!-- setUp -->
        <test-method is-config="true" signature="setUpPages()[pri:0, instance:testCases.test.Home_Page_Test@a8e6492]" started-at="2025-11-23T07:03:50 IST" name="setUpPages" finished-at="2025-11-23T07:03:50 IST" duration-ms="6" status="PASS">
          <reporter-output>
          </reporter-output>
        </test-method> <!-- setUpPages -->
        <test-method signature="verifyOrrangeHRMLogo()[pri:0, instance:testCases.test.Home_Page_Test@a8e6492]" started-at="2025-11-23T07:03:50 IST" name="verifyOrrangeHRMLogo" finished-at="2025-11-23T07:03:53 IST" duration-ms="3276" status="PASS">
          <reporter-output>
          </reporter-output>
        </test-method> <!-- verifyOrrangeHRMLogo -->
        <test-method is-config="true" signature="tearDown()[pri:0, instance:testCases.test.Home_Page_Test@a8e6492]" started-at="2025-11-23T07:03:53 IST" name="tearDown" finished-at="2025-11-23T07:03:56 IST" duration-ms="2339" status="PASS">
          <reporter-output>
          </reporter-output>
        </test-method> <!-- tearDown -->
      </class> <!-- testCases.test.Home_Page_Test -->
      <class name="testCases.test.DummyClass">
        <test-method is-config="true" signature="loadConfig()[pri:0, instance:testCases.test.DummyClass@338494fa]" started-at="2025-11-23T07:03:28 IST" name="loadConfig" finished-at="2025-11-23T07:03:28 IST" duration-ms="40" status="PASS">
          <reporter-output>
          </reporter-output>
        </test-method> <!-- loadConfig -->
        <test-method is-config="true" signature="setUp()[pri:0, instance:testCases.test.DummyClass@338494fa]" started-at="2025-11-23T07:03:28 IST" name="setUp" finished-at="2025-11-23T07:03:47 IST" duration-ms="19179" status="PASS">
          <reporter-output>
          </reporter-output>
        </test-method> <!-- setUp -->
        <test-method signature="dummytest()[pri:0, instance:testCases.test.DummyClass@338494fa]" started-at="2025-11-23T07:03:47 IST" name="dummytest" finished-at="2025-11-23T07:03:47 IST" duration-ms="58" status="PASS">
          <reporter-output>
          </reporter-output>
        </test-method> <!-- dummytest -->
        <test-method is-config="true" signature="tearDown()[pri:0, instance:testCases.test.DummyClass@338494fa]" started-at="2025-11-23T07:03:47 IST" name="tearDown" finished-at="2025-11-23T07:03:50 IST" duration-ms="2374" status="PASS">
          <reporter-output>
          </reporter-output>
        </test-method> <!-- tearDown -->
      </class> <!-- testCases.test.DummyClass -->
    </test> <!-- HrManagementTest -->
  </suite> <!-- HrManagementSuite -->
</testng-results>
