<?xml version="1.0" encoding="UTF-8"?>
<!-- Generated by org.testng.reporters.JUnitReportReporter -->
<testsuite hostname="DESKTOP-E115GFV" failures="0" tests="2" name="testCases.test.Login_Page_Test" time="87.751" errors="0" timestamp="2025-11-23T07:04:56 IST" skipped="0">
  <testcase classname="testCases.test.Login_Page_Test" name="verifyValidLoginTest" time="71.295"/>
  <testcase classname="testCases.test.Login_Page_Test" name="verifyWithInvalidLoginTest" time="16.456"/>
</testsuite> <!-- testCases.test.Login_Page_Test -->
